Arguments: 
  /usr/bin/node /usr/share/yarn/bin/yarn.js add --dev webpack-dev-server

PATH: 
  /usr/local/bundle/bin:/usr/local/sbin:/usr/local/bin:/usr/sbin:/usr/bin:/sbin:/bin

Yarn version: 
  1.3.2

Node version: 
  9.4.0

Platform: 
  linux x64

npm manifest: 
  {
    "name": "acorn",
    "private": true,
    "dependencies": {
      "@rails/webpacker": "^3.2.0",
    }
  }

yarn manifest: 
  No manifest

Lockfile: 
  No lockfile

Trace: 
  SyntaxError: /app/acorn/package.json: Unexpected token } in JSON at position 96
      at JSON.parse (<anonymous>)
      at /usr/share/yarn/lib/cli.js:770:59
      at Generator.next (<anonymous>)
      at step (/usr/share/yarn/lib/cli.js:92:30)
      at /usr/share/yarn/lib/cli.js:103:13
      at <anonymous>
